0 info it worked if it ends with ok
1 verbose cli [ '/Users/Boue/local/bin/node',
1 verbose cli   '/Users/Boue/.npm-packages/bin/npm',
1 verbose cli   'start' ]
2 info using npm@3.3.4
3 info using node@v4.1.1
4 verbose stack Error: missing script: start
4 verbose stack     at run (/Users/Boue/.npm-packages/lib/node_modules/npm/lib/run-script.js:148:19)
4 verbose stack     at /Users/Boue/.npm-packages/lib/node_modules/npm/lib/run-script.js:58:5
4 verbose stack     at /Users/Boue/.npm-packages/lib/node_modules/npm/node_modules/read-package-json/read-json.js:345:5
4 verbose stack     at checkBinReferences_ (/Users/Boue/.npm-packages/lib/node_modules/npm/node_modules/read-package-json/read-json.js:309:45)
4 verbose stack     at final (/Users/Boue/.npm-packages/lib/node_modules/npm/node_modules/read-package-json/read-json.js:343:3)
4 verbose stack     at then (/Users/Boue/.npm-packages/lib/node_modules/npm/node_modules/read-package-json/read-json.js:113:5)
4 verbose stack     at /Users/Boue/.npm-packages/lib/node_modules/npm/node_modules/read-package-json/read-json.js:300:12
4 verbose stack     at /Users/Boue/.npm-packages/lib/node_modules/npm/node_modules/graceful-fs/graceful-fs.js:76:16
4 verbose stack     at FSReqWrap.readFileAfterClose [as oncomplete] (fs.js:380:3)
5 verbose cwd /Users/Boue/redux-todomv
6 error Darwin 14.5.0
7 error argv "/Users/Boue/local/bin/node" "/Users/Boue/.npm-packages/bin/npm" "start"
8 error node v4.1.1
9 error npm  v3.3.4
10 error missing script: start
11 error If you need help, you may report this error at:
11 error     <https://github.com/npm/npm/issues>
12 verbose exit [ 1, true ]
